<?xml version="1.0" encoding="UTF-8"?>
<!-- Generated by org.testng.reporters.JUnitReportReporter -->
<testsuite hostname="WINDOWS-SBM5E6C" failures="0" tests="1" name="com.gcreddyClasses.selenium.LoggerClass.ExcelInvocation" time="3.039" errors="0" timestamp="03 Oct 2021 11:35:59 GMT" skipped="0">
  <testcase classname="com.gcreddyClasses.selenium.LoggerClass.ExcelInvocation" name="ExcelInvocation" time="3.039"/>
</testsuite> <!-- com.gcreddyClasses.selenium.LoggerClass.ExcelInvocation -->
