<?xml version="1.0" encoding="UTF-8"?>
<!-- Generated by org.testng.reporters.JUnitReportReporter -->
<testsuite hostname="WINDOWS-SBM5E6C" failures="0" tests="5" name="com.gcreddyClasses.selenium.LoggerClass.AutomationPractice_LoginActions" time="115.486" errors="0" timestamp="2021-10-19T08:26:49 IST" skipped="0">
  <testcase classname="com.gcreddyClasses.selenium.LoggerClass.AutomationPractice_LoginActions" name="LiginActions" time="22.087"/>
  <system-out/>
  <testcase classname="com.gcreddyClasses.selenium.LoggerClass.AutomationPractice_LoginActions" name="LiginActions" time="21.816"/>
  <system-out/>
  <testcase classname="com.gcreddyClasses.selenium.LoggerClass.AutomationPractice_LoginActions" name="LiginActions" time="23.184"/>
  <system-out/>
  <testcase classname="com.gcreddyClasses.selenium.LoggerClass.AutomationPractice_LoginActions" name="LiginActions" time="24.061"/>
  <system-out/>
  <testcase classname="com.gcreddyClasses.selenium.LoggerClass.AutomationPractice_LoginActions" name="LiginActions" time="24.338"/>
  <system-out/>
</testsuite> <!-- com.gcreddyClasses.selenium.LoggerClass.AutomationPractice_LoginActions -->
