<?xml version="1.0" encoding="UTF-8"?>
<!-- Generated by org.testng.reporters.JUnitReportReporter -->
<testsuite hostname="WINDOWS-SBM5E6C" failures="0" tests="2" name="com.gcreddyClasses.selenium.LoggerClass.Loggerclass" time="0.060" errors="0" timestamp="2021-10-19T07:42:23 IST" skipped="0">
  <testcase classname="com.gcreddyClasses.selenium.LoggerClass.Loggerclass" name="loginActions1" time="0.058"/>
  <system-out/>
  <testcase classname="com.gcreddyClasses.selenium.LoggerClass.Loggerclass" name="loginActions2" time="0.002"/>
  <system-out/>
</testsuite> <!-- com.gcreddyClasses.selenium.LoggerClass.Loggerclass -->
