<?xml version="1.0" encoding="UTF-8"?>
<!-- Generated by org.testng.reporters.JUnitReportReporter -->
<testsuite skipped="0" hostname="WINDOWS-SBM5E6C" name="com.gcreddyClasses.selenium.LoggerClass.Dress_Selection" tests="2" failures="0" timestamp="2021-10-23T17:22:15 IST" time="53.428" errors="0">
  <testcase name="DressSelection" time="28.328" classname="com.gcreddyClasses.selenium.LoggerClass.Dress_Selection"/>
  <system-out/>
  <testcase name="DressSelection" time="25.100" classname="com.gcreddyClasses.selenium.LoggerClass.Dress_Selection"/>
  <system-out/>
</testsuite> <!-- com.gcreddyClasses.selenium.LoggerClass.Dress_Selection -->
