<?xml version="1.0" encoding="UTF-8"?>
<!-- Generated by org.testng.reporters.JUnitReportReporter -->
<testsuite hostname="WINDOWS-SBM5E6C" failures="0" tests="1" name="com.gcreddyClasses.selenium.LoggerClass.Dress_Selection" time="22.883" errors="0" timestamp="2021-11-20T15:52:11 IST" skipped="0">
  <testcase classname="com.gcreddyClasses.selenium.LoggerClass.Dress_Selection" name="DressSelection" time="22.883"/>
  <system-out/>
</testsuite> <!-- com.gcreddyClasses.selenium.LoggerClass.Dress_Selection -->
